<?xml version="1.0" encoding="UTF-8"?>
<!-- Generated by org.testng.reporters.JUnitReportReporter -->
<testsuite skipped="2" hostname="Venkat" name="com.Sample.Firstmavenproject.Testexcution" tests="5" failures="0" timestamp="30 Jan 2019 09:55:57 GMT" time="9.043" errors="0">
  <testcase name="verify_login" time="4.701" classname="com.Sample.Firstmavenproject.Testexcution"/>
  <testcase name="verify_roleclick" time="2.644" classname="com.Sample.Firstmavenproject.Testexcution"/>
  <testcase name="verify_rolecreation" time="1.698" classname="com.Sample.Firstmavenproject.Testexcution"/>
  <testcase name="verify_branchclick" classname="com.Sample.Firstmavenproject.Testexcution">
    <skipped/>
  </testcase> <!-- verify_branchclick -->
  <testcase name="verify_branchcreation" classname="com.Sample.Firstmavenproject.Testexcution">
    <skipped/>
  </testcase> <!-- verify_branchcreation -->
</testsuite> <!-- com.Sample.Firstmavenproject.Testexcution -->
