<?xml version="1.0" encoding="UTF-8"?>
<!-- Generated by org.testng.reporters.JUnitReportReporter -->
<testsuite skipped="2" hostname="Venkat" name="com.Sample.Firstmavenproject.Testexcution" tests="5" failures="0" timestamp="03 Oct 2018 19:22:45 GMT" time="7.405" errors="0">
  <testcase name="verify_login" time="3.635" classname="com.Sample.Firstmavenproject.Testexcution"/>
  <testcase name="verify_roleclick" time="1.778" classname="com.Sample.Firstmavenproject.Testexcution"/>
  <testcase name="verify_rolecreation" time="1.992" classname="com.Sample.Firstmavenproject.Testexcution"/>
  <testcase name="verify_branchclick" classname="com.Sample.Firstmavenproject.Testexcution">
    <skipped/>
  </testcase> <!-- verify_branchclick -->
  <testcase name="verify_branchcreation" classname="com.Sample.Firstmavenproject.Testexcution">
    <skipped/>
  </testcase> <!-- verify_branchcreation -->
</testsuite> <!-- com.Sample.Firstmavenproject.Testexcution -->
